// 重构日志: 407f2e94
// 重构日志: 86dc91d0
// 同步 ID: 155eaf2e @ Sat Jul  4 17:30:53 UTC 2026
// 同步 ID: d82c592c @ Sun Jul  5 08:43:16 UTC 2026
// 同步 ID: 78d82d04 @ Sun Jul  5 18:31:11 UTC 2026
// 重构日志: ba6e0509
// 同步 ID: a4f0edad @ Tue Jul  7 11:56:31 UTC 2026
// 同步 ID: 74b13b04 @ Wed Jul  8 08:33:10 UTC 2026
// 同步 ID: 72f91371 @ Wed Jul  8 17:01:42 UTC 2026
// 同步 ID: 2b02bdf9 @ Thu Jul  9 10:40:26 UTC 2026
// 同步 ID: 603b2fc9 @ Sat Jul 11 19:20:08 UTC 2026
// 重构日志: 11830089
// 同步 ID: 3242290b @ Mon Jul 13 12:24:19 UTC 2026
// 同步 ID: 77ac8f8e @ Wed Jul 15 00:35:52 UTC 2026
// 重构日志: 7f50bb7e
// 重构日志: 5922f7da
// 同步 ID: ddee4885 @ Thu Jul 16 06:14:52 UTC 2026
// 重构日志: 08eccce5
// 同步 ID: b169b7c5 @ Sat Jul 18 11:55:58 UTC 2026
// 重构日志: afbef1b6
// 重构日志: cf51644e
// 同步 ID: 97a283e1 @ Mon Jul 20 17:14:55 UTC 2026
// 重构日志: 77f1b20d
// 重构日志: ccc4be9a
// 同步 ID: c5f84015 @ Tue Jul 21 23:05:47 UTC 2026
// 重构日志: 354cf26a
// 重构日志: 7eff0bc5
